# JRE version: OpenJDK Runtime Environment (8.0_131-b11) (build 1.8.0_131-8u131-b11-0ubuntu1.16.04.2-b11)
# Java VM: OpenJDK 64-Bit Server VM (25.131-b11 mixed mode linux-amd64 compressed oops)
Heap:
 PSYoungGen      total 351232K, used 9118K [0x000000078c900000, 0x00000007a4700000, 0x00000007c0000000)
  eden space 315392K, 0% used [0x000000078c900000,0x000000078c900000,0x000000079fd00000)
  from space 35840K, 25% used [0x000000079fd00000,0x00000007a05e78d0,0x00000007a2000000)
  to   space 31744K, 0% used [0x00000007a2000000,0x00000007a2000000,0x00000007a3f00000)
 ParOldGen       total 135168K, used 55872K [0x0000000725a00000, 0x000000072de00000, 0x000000078c900000)
  object space 135168K, 41% used [0x0000000725a00000,0x0000000729090358,0x000000072de00000)
 Metaspace       used 22959K, capacity 23584K, committed 23680K, reserved 1071104K
  class space    used 2467K, capacity 2670K, committed 2688K, reserved 1048576K
GC Heap History (10 events):
Event: 16.264 GC heap after
Heap after GC invocations=3 (full 0):
 PSYoungGen      total 86528K, used 6624K [0x000000078c900000, 0x0000000797200000, 0x00000007c0000000)
  eden space 79872K, 0% used [0x000000078c900000,0x000000078c900000,0x0000000791700000)
  from space 6656K, 99% used [0x0000000791700000,0x0000000791d78040,0x0000000791d80000)
  to   space 6656K, 0% used [0x0000000796b80000,0x0000000796b80000,0x0000000797200000)
 ParOldGen       total 106496K, used 3026K [0x0000000725a00000, 0x000000072c200000, 0x000000078c900000)
  object space 106496K, 2% used [0x0000000725a00000,0x0000000725cf4a98,0x000000072c200000)
 Metaspace       used 13749K, capacity 14092K, committed 14336K, reserved 1062912K
  class space    used 1590K, capacity 1699K, committed 1792K, reserved 1048576K
}
Event: 37.118 GC heap before
{Heap before GC invocations=4 (full 0):
 PSYoungGen      total 86528K, used 86496K [0x000000078c900000, 0x0000000797200000, 0x00000007c0000000)
  eden space 79872K, 100% used [0x000000078c900000,0x0000000791700000,0x0000000791700000)
  from space 6656K, 99% used [0x0000000791700000,0x0000000791d78040,0x0000000791d80000)
  to   space 6656K, 0% used [0x0000000796b80000,0x0000000796b80000,0x0000000797200000)
 ParOldGen       total 106496K, used 3026K [0x0000000725a00000, 0x000000072c200000, 0x000000078c900000)
  object space 106496K, 2% used [0x0000000725a00000,0x0000000725cf4a98,0x000000072c200000)
 Metaspace       used 14512K, capacity 14860K, committed 15104K, reserved 1062912K
  class space    used 1657K, capacity 1742K, committed 1792K, reserved 1048576K
Event: 37.227 GC heap after
Heap after GC invocations=4 (full 0):
 PSYoungGen      total 166400K, used 6640K [0x000000078c900000, 0x0000000797200000, 0x00000007c0000000)
  eden space 159744K, 0% used [0x000000078c900000,0x000000078c900000,0x0000000796500000)
  from space 6656K, 99% used [0x0000000796b80000,0x00000007971fc010,0x0000000797200000)
  to   space 6656K, 0% used [0x0000000796500000,0x0000000796500000,0x0000000796b80000)
 ParOldGen       total 106496K, used 6372K [0x0000000725a00000, 0x000000072c200000, 0x000000078c900000)
  object space 106496K, 5% used [0x0000000725a00000,0x0000000726039360,0x000000072c200000)
 Metaspace       used 14512K, capacity 14860K, committed 15104K, reserved 1062912K
  class space    used 1657K, capacity 1742K, committed 1792K, reserved 1048576K
}
Event: 68.674 GC heap before
{Heap before GC invocations=5 (full 0):
 PSYoungGen      total 166400K, used 166384K [0x000000078c900000, 0x0000000797200000, 0x00000007c0000000)
  eden space 159744K, 100% used [0x000000078c900000,0x0000000796500000,0x0000000796500000)
  from space 6656K, 99% used [0x0000000796b80000,0x00000007971fc010,0x0000000797200000)
  to   space 6656K, 0% used [0x0000000796500000,0x0000000796500000,0x0000000796b80000)
 ParOldGen       total 106496K, used 6372K [0x0000000725a00000, 0x000000072c200000, 0x000000078c900000)
  object space 106496K, 5% used [0x0000000725a00000,0x0000000726039360,0x000000072c200000)
 Metaspace       used 19799K, capacity 20352K, committed 20480K, reserved 1067008K
  class space    used 2275K, capacity 2446K, committed 2560K, reserved 1048576K
Event: 72.549 GC heap after
Heap after GC invocations=5 (full 0):
 PSYoungGen      total 166400K, used 6631K [0x000000078c900000, 0x00000007a3f00000, 0x00000007c0000000)
  eden space 159744K, 0% used [0x000000078c900000,0x000000078c900000,0x0000000796500000)
  from space 6656K, 99% used [0x0000000796500000,0x0000000796b79d78,0x0000000796b80000)
  to   space 31744K, 0% used [0x00000007a2000000,0x00000007a2000000,0x00000007a3f00000)
 ParOldGen       total 106496K, used 38608K [0x0000000725a00000, 0x000000072c200000, 0x000000078c900000)
  object space 106496K, 36% used [0x0000000725a00000,0x0000000727fb4250,0x000000072c200000)
 Metaspace       used 19799K, capacity 20352K, committed 20480K, reserved 1067008K
  class space    used 2275K, capacity 2446K, committed 2560K, reserved 1048576K
}
Event: 84.013 GC heap before
{Heap before GC invocations=6 (full 0):
 PSYoungGen      total 166400K, used 110155K [0x000000078c900000, 0x00000007a3f00000, 0x00000007c0000000)
  eden space 159744K, 64% used [0x000000078c900000,0x0000000792e18f70,0x0000000796500000)
  from space 6656K, 99% used [0x0000000796500000,0x0000000796b79d78,0x0000000796b80000)
  to   space 31744K, 0% used [0x00000007a2000000,0x00000007a2000000,0x00000007a3f00000)
 ParOldGen       total 106496K, used 38608K [0x0000000725a00000, 0x000000072c200000, 0x000000078c900000)
  object space 106496K, 36% used [0x0000000725a00000,0x0000000727fb4250,0x000000072c200000)
 Metaspace       used 20669K, capacity 21152K, committed 21248K, reserved 1069056K
  class space    used 2310K, capacity 2478K, committed 2560K, reserved 1048576K
Event: 84.698 GC heap after
Heap after GC invocations=6 (full 0):
 PSYoungGen      total 347136K, used 25527K [0x000000078c900000, 0x00000007a4700000, 0x00000007c0000000)
  eden space 315392K, 0% used [0x000000078c900000,0x000000078c900000,0x000000079fd00000)
  from space 31744K, 80% used [0x00000007a2000000,0x00000007a38edc08,0x00000007a3f00000)
  to   space 35840K, 0% used [0x000000079fd00000,0x000000079fd00000,0x00000007a2000000)
 ParOldGen       total 106496K, used 38608K [0x0000000725a00000, 0x000000072c200000, 0x000000078c900000)
  object space 106496K, 36% used [0x0000000725a00000,0x0000000727fb4250,0x000000072c200000)
 Metaspace       used 20669K, capacity 21152K, committed 21248K, reserved 1069056K
  class space    used 2310K, capacity 2478K, committed 2560K, reserved 1048576K
}
Event: 84.860 GC heap before
{Heap before GC invocations=7 (full 1):
 PSYoungGen      total 347136K, used 25527K [0x000000078c900000, 0x00000007a4700000, 0x00000007c0000000)
  eden space 315392K, 0% used [0x000000078c900000,0x000000078c900000,0x000000079fd00000)
  from space 31744K, 80% used [0x00000007a2000000,0x00000007a38edc08,0x00000007a3f00000)
  to   space 35840K, 0% used [0x000000079fd00000,0x000000079fd00000,0x00000007a2000000)
 ParOldGen       total 106496K, used 38608K [0x0000000725a00000, 0x000000072c200000, 0x000000078c900000)
  object space 106496K, 36% used [0x0000000725a00000,0x0000000727fb4250,0x000000072c200000)
 Metaspace       used 20669K, capacity 21152K, committed 21248K, reserved 1069056K
  class space    used 2310K, capacity 2478K, committed 2560K, reserved 1048576K
Event: 88.405 GC heap after
Heap after GC invocations=7 (full 1):
 PSYoungGen      total 347136K, used 0K [0x000000078c900000, 0x00000007a4700000, 0x00000007c0000000)
  eden space 315392K, 0% used [0x000000078c900000,0x000000078c900000,0x000000079fd00000)
  from space 31744K, 0% used [0x00000007a2000000,0x00000007a2000000,0x00000007a3f00000)
  to   space 35840K, 0% used [0x000000079fd00000,0x000000079fd00000,0x00000007a2000000)
 ParOldGen       total 135168K, used 55864K [0x0000000725a00000, 0x000000072de00000, 0x000000078c900000)
  object space 135168K, 41% used [0x0000000725a00000,0x000000072908e358,0x000000072de00000)
 Metaspace       used 20669K, capacity 21152K, committed 21248K, reserved 1069056K
  class space    used 2310K, capacity 2478K, committed 2560K, reserved 1048576K
}
Event: 106.122 GC heap before
{Heap before GC invocations=8 (full 1):
 PSYoungGen      total 347136K, used 245044K [0x000000078c900000, 0x00000007a4700000, 0x00000007c0000000)
  eden space 315392K, 77% used [0x000000078c900000,0x000000079b84d140,0x000000079fd00000)
  from space 31744K, 0% used [0x00000007a2000000,0x00000007a2000000,0x00000007a3f00000)
  to   space 35840K, 0% used [0x000000079fd00000,0x000000079fd00000,0x00000007a2000000)
 ParOldGen       total 135168K, used 55864K [0x0000000725a00000, 0x000000072de00000, 0x000000078c900000)
  object space 135168K, 41% used [0x0000000725a00000,0x000000072908e358,0x000000072de00000)
 Metaspace       used 22959K, capacity 23584K, committed 23680K, reserved 1071104K
  class space    used 2467K, capacity 2670K, committed 2688K, reserved 1048576K

