# JRE version: OpenJDK Runtime Environment (8.0_131-b11) (build 1.8.0_131-8u131-b11-2ubuntu1.16.04.2-b11)
# Java VM: OpenJDK 64-Bit Server VM (25.131-b11 mixed mode linux-amd64 compressed oops)
Heap:
 PSYoungGen      total 183808K, used 29720K [0x000000078c900000, 0x0000000799a00000, 0x00000007c0000000)
  eden space 153600K, 0% used [0x000000078c900000,0x000000078c900000,0x0000000795f00000)
  from space 30208K, 98% used [0x0000000797c80000,0x0000000799986108,0x0000000799a00000)
  to   space 6656K, 0% used [0x0000000796500000,0x0000000796500000,0x0000000796b80000)
 ParOldGen       total 106496K, used 35978K [0x0000000725a00000, 0x000000072c200000, 0x000000078c900000)
  object space 106496K, 33% used [0x0000000725a00000,0x0000000727d22b40,0x000000072c200000)
 Metaspace       used 20612K, capacity 21140K, committed 21248K, reserved 1069056K
  class space    used 2310K, capacity 2478K, committed 2560K, reserved 1048576K
GC Heap History (10 events):
Event: 6.703 GC heap after
Heap after GC invocations=1 (full 0):
 PSYoungGen      total 46592K, used 5538K [0x000000078c900000, 0x0000000792400000, 0x00000007c0000000)
  eden space 39936K, 0% used [0x000000078c900000,0x000000078c900000,0x000000078f000000)
  from space 6656K, 83% used [0x000000078f000000,0x000000078f568ba0,0x000000078f680000)
  to   space 6656K, 0% used [0x0000000791d80000,0x0000000791d80000,0x0000000792400000)
 ParOldGen       total 106496K, used 8K [0x0000000725a00000, 0x000000072c200000, 0x000000078c900000)
  object space 106496K, 0% used [0x0000000725a00000,0x0000000725a02000,0x000000072c200000)
 Metaspace       used 8531K, capacity 8720K, committed 8832K, reserved 1056768K
  class space    used 1065K, capacity 1117K, committed 1152K, reserved 1048576K
}
Event: 9.295 GC heap before
{Heap before GC invocations=2 (full 0):
 PSYoungGen      total 46592K, used 45474K [0x000000078c900000, 0x0000000792400000, 0x00000007c0000000)
  eden space 39936K, 100% used [0x000000078c900000,0x000000078f000000,0x000000078f000000)
  from space 6656K, 83% used [0x000000078f000000,0x000000078f568ba0,0x000000078f680000)
  to   space 6656K, 0% used [0x0000000791d80000,0x0000000791d80000,0x0000000792400000)
 ParOldGen       total 106496K, used 8K [0x0000000725a00000, 0x000000072c200000, 0x000000078c900000)
  object space 106496K, 0% used [0x0000000725a00000,0x0000000725a02000,0x000000072c200000)
 Metaspace       used 13106K, capacity 13354K, committed 13440K, reserved 1060864K
  class space    used 1567K, capacity 1658K, committed 1664K, reserved 1048576K
Event: 9.309 GC heap after
Heap after GC invocations=2 (full 0):
 PSYoungGen      total 86528K, used 6643K [0x000000078c900000, 0x0000000792400000, 0x00000007c0000000)
  eden space 79872K, 0% used [0x000000078c900000,0x000000078c900000,0x0000000791700000)
  from space 6656K, 99% used [0x0000000791d80000,0x00000007923fce10,0x0000000792400000)
  to   space 6656K, 0% used [0x0000000791700000,0x0000000791700000,0x0000000791d80000)
 ParOldGen       total 106496K, used 788K [0x0000000725a00000, 0x000000072c200000, 0x000000078c900000)
  object space 106496K, 0% used [0x0000000725a00000,0x0000000725ac50c8,0x000000072c200000)
 Metaspace       used 13106K, capacity 13354K, committed 13440K, reserved 1060864K
  class space    used 1567K, capacity 1658K, committed 1664K, reserved 1048576K
}
Event: 12.176 GC heap before
{Heap before GC invocations=3 (full 0):
 PSYoungGen      total 86528K, used 86515K [0x000000078c900000, 0x0000000792400000, 0x00000007c0000000)
  eden space 79872K, 100% used [0x000000078c900000,0x0000000791700000,0x0000000791700000)
  from space 6656K, 99% used [0x0000000791d80000,0x00000007923fce10,0x0000000792400000)
  to   space 6656K, 0% used [0x0000000791700000,0x0000000791700000,0x0000000791d80000)
 ParOldGen       total 106496K, used 788K [0x0000000725a00000, 0x000000072c200000, 0x000000078c900000)
  object space 106496K, 0% used [0x0000000725a00000,0x0000000725ac50c8,0x000000072c200000)
 Metaspace       used 13744K, capacity 14080K, committed 14336K, reserved 1062912K
  class space    used 1592K, capacity 1699K, committed 1792K, reserved 1048576K
Event: 12.208 GC heap after
Heap after GC invocations=3 (full 0):
 PSYoungGen      total 86528K, used 6640K [0x000000078c900000, 0x0000000797200000, 0x00000007c0000000)
  eden space 79872K, 0% used [0x000000078c900000,0x000000078c900000,0x0000000791700000)
  from space 6656K, 99% used [0x0000000791700000,0x0000000791d7c010,0x0000000791d80000)
  to   space 6656K, 0% used [0x0000000796b80000,0x0000000796b80000,0x0000000797200000)
 ParOldGen       total 106496K, used 3059K [0x0000000725a00000, 0x000000072c200000, 0x000000078c900000)
  object space 106496K, 2% used [0x0000000725a00000,0x0000000725cfceb8,0x000000072c200000)
 Metaspace       used 13744K, capacity 14080K, committed 14336K, reserved 1062912K
  class space    used 1592K, capacity 1699K, committed 1792K, reserved 1048576K
}
Event: 17.593 GC heap before
{Heap before GC invocations=4 (full 0):
 PSYoungGen      total 86528K, used 86512K [0x000000078c900000, 0x0000000797200000, 0x00000007c0000000)
  eden space 79872K, 100% used [0x000000078c900000,0x0000000791700000,0x0000000791700000)
  from space 6656K, 99% used [0x0000000791700000,0x0000000791d7c010,0x0000000791d80000)
  to   space 6656K, 0% used [0x0000000796b80000,0x0000000796b80000,0x0000000797200000)
 ParOldGen       total 106496K, used 3059K [0x0000000725a00000, 0x000000072c200000, 0x000000078c900000)
  object space 106496K, 2% used [0x0000000725a00000,0x0000000725cfceb8,0x000000072c200000)
 Metaspace       used 14535K, capacity 14912K, committed 15104K, reserved 1062912K
  class space    used 1658K, capacity 1742K, committed 1792K, reserved 1048576K
Event: 17.627 GC heap after
Heap after GC invocations=4 (full 0):
 PSYoungGen      total 166400K, used 6640K [0x000000078c900000, 0x0000000797200000, 0x00000007c0000000)
  eden space 159744K, 0% used [0x000000078c900000,0x000000078c900000,0x0000000796500000)
  from space 6656K, 99% used [0x0000000796b80000,0x00000007971fc010,0x0000000797200000)
  to   space 6656K, 0% used [0x0000000796500000,0x0000000796500000,0x0000000796b80000)
 ParOldGen       total 106496K, used 6470K [0x0000000725a00000, 0x000000072c200000, 0x000000078c900000)
  object space 106496K, 6% used [0x0000000725a00000,0x0000000726051930,0x000000072c200000)
 Metaspace       used 14535K, capacity 14912K, committed 15104K, reserved 1062912K
  class space    used 1658K, capacity 1742K, committed 1792K, reserved 1048576K
}
Event: 52.952 GC heap before
{Heap before GC invocations=5 (full 0):
 PSYoungGen      total 166400K, used 166384K [0x000000078c900000, 0x0000000797200000, 0x00000007c0000000)
  eden space 159744K, 100% used [0x000000078c900000,0x0000000796500000,0x0000000796500000)
  from space 6656K, 99% used [0x0000000796b80000,0x00000007971fc010,0x0000000797200000)
  to   space 6656K, 0% used [0x0000000796500000,0x0000000796500000,0x0000000796b80000)
 ParOldGen       total 106496K, used 6470K [0x0000000725a00000, 0x000000072c200000, 0x000000078c900000)
  object space 106496K, 6% used [0x0000000725a00000,0x0000000726051930,0x000000072c200000)
 Metaspace       used 19803K, capacity 20340K, committed 20480K, reserved 1067008K
  class space    used 2276K, capacity 2446K, committed 2560K, reserved 1048576K
Event: 53.032 GC heap after
Heap after GC invocations=5 (full 0):
 PSYoungGen      total 160256K, used 6656K [0x000000078c900000, 0x0000000799a00000, 0x00000007c0000000)
  eden space 153600K, 0% used [0x000000078c900000,0x000000078c900000,0x0000000795f00000)
  from space 6656K, 100% used [0x0000000796500000,0x0000000796b80000,0x0000000796b80000)
  to   space 30208K, 0% used [0x0000000797c80000,0x0000000797c80000,0x0000000799a00000)
 ParOldGen       total 106496K, used 35970K [0x0000000725a00000, 0x000000072c200000, 0x000000078c900000)
  object space 106496K, 33% used [0x0000000725a00000,0x0000000727d20b40,0x000000072c200000)
 Metaspace       used 19803K, capacity 20340K, committed 20480K, reserved 1067008K
  class space    used 2276K, capacity 2446K, committed 2560K, reserved 1048576K
}
Event: 278.517 GC heap before
{Heap before GC invocations=6 (full 0):
 PSYoungGen      total 160256K, used 115492K [0x000000078c900000, 0x0000000799a00000, 0x00000007c0000000)
  eden space 153600K, 70% used [0x000000078c900000,0x00000007933491a8,0x0000000795f00000)
  from space 6656K, 100% used [0x0000000796500000,0x0000000796b80000,0x0000000796b80000)
  to   space 30208K, 0% used [0x0000000797c80000,0x0000000797c80000,0x0000000799a00000)
 ParOldGen       total 106496K, used 35970K [0x0000000725a00000, 0x000000072c200000, 0x000000078c900000)
  object space 106496K, 33% used [0x0000000725a00000,0x0000000727d20b40,0x000000072c200000)
 Metaspace       used 20612K, capacity 21140K, committed 21248K, reserved 1069056K
  class space    used 2310K, capacity 2478K, committed 2560K, reserved 1048576K

